Determining if the pthread_create exist failed with the following output:
Change Dir: /home/dgquintas/Dropbox/samples/algorithms/dynamic_programming/linear_partitioning/cpp/build/CMakeFiles/CMakeTmp

Run Build Command:"/usr/bin/make" "cmTryCompileExec2348345290/fast"
/usr/bin/make -f CMakeFiles/cmTryCompileExec2348345290.dir/build.make CMakeFiles/cmTryCompileExec2348345290.dir/build
make[1]: Entering directory '/home/dgquintas/Dropbox/samples/algorithms/dynamic_programming/linear_partitioning/cpp/build/CMakeFiles/CMakeTmp'
/usr/bin/cmake -E cmake_progress_report /home/dgquintas/Dropbox/samples/algorithms/dynamic_programming/linear_partitioning/cpp/build/CMakeFiles/CMakeTmp/CMakeFiles 1
Building C object CMakeFiles/cmTryCompileExec2348345290.dir/CheckSymbolExists.c.o
/usr/bin/cc    -o CMakeFiles/cmTryCompileExec2348345290.dir/CheckSymbolExists.c.o   -c /home/dgquintas/Dropbox/samples/algorithms/dynamic_programming/linear_partitioning/cpp/build/CMakeFiles/CMakeTmp/CheckSymbolExists.c
Linking C executable cmTryCompileExec2348345290
/usr/bin/cmake -E cmake_link_script CMakeFiles/cmTryCompileExec2348345290.dir/link.txt --verbose=1
/usr/bin/cc      CMakeFiles/cmTryCompileExec2348345290.dir/CheckSymbolExists.c.o  -o cmTryCompileExec2348345290 -rdynamic 
CMakeFiles/cmTryCompileExec2348345290.dir/CheckSymbolExists.c.o: In function `main':
CheckSymbolExists.c:(.text+0x16): undefined reference to `pthread_create'
collect2: error: ld returned 1 exit status
CMakeFiles/cmTryCompileExec2348345290.dir/build.make:88: recipe for target 'cmTryCompileExec2348345290' failed
make[1]: Leaving directory '/home/dgquintas/Dropbox/samples/algorithms/dynamic_programming/linear_partitioning/cpp/build/CMakeFiles/CMakeTmp'
Makefile:118: recipe for target 'cmTryCompileExec2348345290/fast' failed
make[1]: *** [cmTryCompileExec2348345290] Error 1
make: *** [cmTryCompileExec2348345290/fast] Error 2

File /home/dgquintas/Dropbox/samples/algorithms/dynamic_programming/linear_partitioning/cpp/build/CMakeFiles/CMakeTmp/CheckSymbolExists.c:
/* */
#include <pthread.h>

int main(int argc, char** argv)
{
  (void)argv;
#ifndef pthread_create
  return ((int*)(&pthread_create))[argc];
#else
  (void)argc;
  return 0;
#endif
}

Determining if the function pthread_create exists in the pthreads failed with the following output:
Change Dir: /home/dgquintas/Dropbox/samples/algorithms/dynamic_programming/linear_partitioning/cpp/build/CMakeFiles/CMakeTmp

Run Build Command:"/usr/bin/make" "cmTryCompileExec3423515893/fast"
/usr/bin/make -f CMakeFiles/cmTryCompileExec3423515893.dir/build.make CMakeFiles/cmTryCompileExec3423515893.dir/build
make[1]: Entering directory '/home/dgquintas/Dropbox/samples/algorithms/dynamic_programming/linear_partitioning/cpp/build/CMakeFiles/CMakeTmp'
/usr/bin/cmake -E cmake_progress_report /home/dgquintas/Dropbox/samples/algorithms/dynamic_programming/linear_partitioning/cpp/build/CMakeFiles/CMakeTmp/CMakeFiles 1
Building C object CMakeFiles/cmTryCompileExec3423515893.dir/CheckFunctionExists.c.o
/usr/bin/cc   -DCHECK_FUNCTION_EXISTS=pthread_create   -o CMakeFiles/cmTryCompileExec3423515893.dir/CheckFunctionExists.c.o   -c /usr/share/cmake-3.1/Modules/CheckFunctionExists.c
Linking C executable cmTryCompileExec3423515893
/usr/bin/cmake -E cmake_link_script CMakeFiles/cmTryCompileExec3423515893.dir/link.txt --verbose=1
/usr/bin/cc   -DCHECK_FUNCTION_EXISTS=pthread_create   CMakeFiles/cmTryCompileExec3423515893.dir/CheckFunctionExists.c.o  -o cmTryCompileExec3423515893 -rdynamic -lpthreads 
/usr/bin/ld: cannot find -lpthreads
collect2: error: ld returned 1 exit status
CMakeFiles/cmTryCompileExec3423515893.dir/build.make:88: recipe for target 'cmTryCompileExec3423515893' failed
make[1]: Leaving directory '/home/dgquintas/Dropbox/samples/algorithms/dynamic_programming/linear_partitioning/cpp/build/CMakeFiles/CMakeTmp'
make[1]: *** [cmTryCompileExec3423515893] Error 1
Makefile:118: recipe for target 'cmTryCompileExec3423515893/fast' failed
make: *** [cmTryCompileExec3423515893/fast] Error 2


