This file contains any messages produced by compilers while
running configure, to aid debugging if configure makes a mistake.

It was created by heapsort configure 0.4, which was
generated by GNU Autoconf 2.63.  Invocation command line was

  $ ./configure --enable-systemtap

## --------- ##
## Platform. ##
## --------- ##

hostname = ppro
uname -m = x86_64
uname -r = 3.19.3-3-ARCH
uname -s = Linux
uname -v = #1 SMP PREEMPT Wed Apr 8 14:10:00 CEST 2015

/usr/bin/uname -p = unknown
/bin/uname -X     = unknown

/bin/arch              = unknown
/usr/bin/arch -k       = unknown
/usr/convex/getsysinfo = unknown
/usr/bin/hostinfo      = unknown
/bin/machine           = unknown
/usr/bin/oslevel       = unknown
/bin/universe          = unknown

PATH: /home/dgquintas/bin
PATH: /usr/local/sbin
PATH: /usr/local/bin
PATH: /usr/bin
PATH: /opt/cuda/bin
PATH: /usr/lib/jvm/default/bin
PATH: /usr/bin/site_perl
PATH: /usr/bin/vendor_perl
PATH: /usr/bin/core_perl


## ----------- ##
## Core tests. ##
## ----------- ##

configure:1897: checking for a BSD-compatible install
configure:1965: result: /usr/bin/install -c
configure:1976: checking whether build environment is sane
configure:2036: result: yes
configure:2177: checking for a thread-safe mkdir -p
configure:2216: result: /usr/bin/mkdir -p
configure:2229: checking for gawk
configure:2245: found /usr/bin/gawk
configure:2256: result: gawk
configure:2267: checking whether make sets $(MAKE)
configure:2289: result: yes
configure:2419: checking for gcc
configure:2435: found /usr/bin/gcc
configure:2446: result: gcc
configure:2678: checking for C compiler version
configure:2686: gcc --version >&5
gcc (GCC) 4.9.2 20150304 (prerelease)
Copyright (C) 2014 Free Software Foundation, Inc.
This is free software; see the source for copying conditions.  There is NO
warranty; not even for MERCHANTABILITY or FITNESS FOR A PARTICULAR PURPOSE.

configure:2690: $? = 0
configure:2697: gcc -v >&5
Using built-in specs.
COLLECT_GCC=gcc
COLLECT_LTO_WRAPPER=/usr/lib/gcc/x86_64-unknown-linux-gnu/4.9.2/lto-wrapper
Target: x86_64-unknown-linux-gnu
Configured with: /build/gcc-multilib/src/gcc-4.9-20150304/configure --prefix=/usr --libdir=/usr/lib --libexecdir=/usr/lib --mandir=/usr/share/man --infodir=/usr/share/info --with-bugurl=https://bugs.archlinux.org/ --enable-languages=c,c++,ada,fortran,go,lto,objc,obj-c++ --enable-shared --enable-threads=posix --with-system-zlib --enable-__cxa_atexit --disable-libunwind-exceptions --enable-clocale=gnu --disable-libstdcxx-pch --disable-libssp --enable-gnu-unique-object --enable-linker-build-id --enable-cloog-backend=isl --enable-lto --enable-plugin --enable-install-libiberty --with-linker-hash-style=gnu --enable-multilib --disable-werror --enable-checking=release
Thread model: posix
gcc version 4.9.2 20150304 (prerelease) (GCC) 
configure:2701: $? = 0
configure:2708: gcc -V >&5
gcc: error: unrecognized command line option '-V'
gcc: fatal error: no input files
compilation terminated.
configure:2712: $? = 1
configure:2735: checking for C compiler default output file name
configure:2757: gcc    conftest.c  >&5
configure:2761: $? = 0
configure:2799: result: a.out
configure:2818: checking whether the C compiler works
configure:2828: ./a.out
configure:2832: $? = 0
configure:2851: result: yes
configure:2858: checking whether we are cross compiling
configure:2860: result: no
configure:2863: checking for suffix of executables
configure:2870: gcc -o conftest    conftest.c  >&5
configure:2874: $? = 0
configure:2900: result: 
configure:2906: checking for suffix of object files
configure:2932: gcc -c   conftest.c >&5
configure:2936: $? = 0
configure:2961: result: o
configure:2965: checking whether we are using the GNU C compiler
configure:2994: gcc -c   conftest.c >&5
configure:3001: $? = 0
configure:3018: result: yes
configure:3027: checking whether gcc accepts -g
configure:3057: gcc -c -g  conftest.c >&5
configure:3064: $? = 0
configure:3165: result: yes
configure:3182: checking for gcc option to accept ISO C89
configure:3256: gcc  -c -g -O2  conftest.c >&5
configure:3263: $? = 0
configure:3286: result: none needed
configure:3315: checking for style of include used by make
configure:3343: result: GNU
configure:3368: checking dependency style of gcc
configure:3478: result: gcc3
configure:3551: checking for g++
configure:3567: found /usr/bin/g++
configure:3578: result: g++
configure:3605: checking for C++ compiler version
configure:3613: g++ --version >&5
g++ (GCC) 4.9.2 20150304 (prerelease)
Copyright (C) 2014 Free Software Foundation, Inc.
This is free software; see the source for copying conditions.  There is NO
warranty; not even for MERCHANTABILITY or FITNESS FOR A PARTICULAR PURPOSE.

configure:3617: $? = 0
configure:3624: g++ -v >&5
Using built-in specs.
COLLECT_GCC=g++
COLLECT_LTO_WRAPPER=/usr/lib/gcc/x86_64-unknown-linux-gnu/4.9.2/lto-wrapper
Target: x86_64-unknown-linux-gnu
Configured with: /build/gcc-multilib/src/gcc-4.9-20150304/configure --prefix=/usr --libdir=/usr/lib --libexecdir=/usr/lib --mandir=/usr/share/man --infodir=/usr/share/info --with-bugurl=https://bugs.archlinux.org/ --enable-languages=c,c++,ada,fortran,go,lto,objc,obj-c++ --enable-shared --enable-threads=posix --with-system-zlib --enable-__cxa_atexit --disable-libunwind-exceptions --enable-clocale=gnu --disable-libstdcxx-pch --disable-libssp --enable-gnu-unique-object --enable-linker-build-id --enable-cloog-backend=isl --enable-lto --enable-plugin --enable-install-libiberty --with-linker-hash-style=gnu --enable-multilib --disable-werror --enable-checking=release
Thread model: posix
gcc version 4.9.2 20150304 (prerelease) (GCC) 
configure:3628: $? = 0
configure:3635: g++ -V >&5
g++: error: unrecognized command line option '-V'
g++: fatal error: no input files
compilation terminated.
configure:3639: $? = 1
configure:3642: checking whether we are using the GNU C++ compiler
configure:3671: g++ -c   conftest.cpp >&5
configure:3678: $? = 0
configure:3695: result: yes
configure:3704: checking whether g++ accepts -g
configure:3734: g++ -c -g  conftest.cpp >&5
configure:3741: $? = 0
configure:3842: result: yes
configure:3867: checking dependency style of g++
configure:3977: result: gcc3
configure:3996: checking whether to include systemtap tracing support
configure:4013: result: yes
configure:4022: checking for dtrace
configure:4038: found /usr/bin/dtrace
configure:4049: result: dtrace
configure:4071: checking how to run the C preprocessor
configure:4111: gcc -E  conftest.c
configure:4118: $? = 0
configure:4149: gcc -E  conftest.c
conftest.c:10:28: fatal error: ac_nonexistent.h: No such file or directory
 #include <ac_nonexistent.h>
                            ^
compilation terminated.
configure:4156: $? = 1
configure: failed program was:
| /* confdefs.h.  */
| #define PACKAGE_NAME "heapsort"
| #define PACKAGE_TARNAME "heapsort"
| #define PACKAGE_VERSION "0.4"
| #define PACKAGE_STRING "heapsort 0.4"
| #define PACKAGE_BUGREPORT "wcohen@redhat.com"
| #define PACKAGE "heapsort"
| #define VERSION "0.4"
| /* end confdefs.h.  */
| #include <ac_nonexistent.h>
configure:4189: result: gcc -E
configure:4218: gcc -E  conftest.c
configure:4225: $? = 0
configure:4256: gcc -E  conftest.c
conftest.c:10:28: fatal error: ac_nonexistent.h: No such file or directory
 #include <ac_nonexistent.h>
                            ^
compilation terminated.
configure:4263: $? = 1
configure: failed program was:
| /* confdefs.h.  */
| #define PACKAGE_NAME "heapsort"
| #define PACKAGE_TARNAME "heapsort"
| #define PACKAGE_VERSION "0.4"
| #define PACKAGE_STRING "heapsort 0.4"
| #define PACKAGE_BUGREPORT "wcohen@redhat.com"
| #define PACKAGE "heapsort"
| #define VERSION "0.4"
| /* end confdefs.h.  */
| #include <ac_nonexistent.h>
configure:4303: checking for grep that handles long lines and -e
configure:4363: result: /usr/bin/grep
configure:4368: checking for egrep
configure:4432: result: /usr/bin/grep -E
configure:4437: checking for ANSI C header files
configure:4467: gcc -c -g -O2  conftest.c >&5
configure:4474: $? = 0
configure:4573: gcc -o conftest -g -O2   conftest.c  >&5
configure:4577: $? = 0
configure:4583: ./conftest
configure:4587: $? = 0
configure:4605: result: yes
configure:4629: checking for sys/types.h
configure:4650: gcc -c -g -O2  conftest.c >&5
configure:4657: $? = 0
configure:4674: result: yes
configure:4629: checking for sys/stat.h
configure:4650: gcc -c -g -O2  conftest.c >&5
configure:4657: $? = 0
configure:4674: result: yes
configure:4629: checking for stdlib.h
configure:4650: gcc -c -g -O2  conftest.c >&5
configure:4657: $? = 0
configure:4674: result: yes
configure:4629: checking for string.h
configure:4650: gcc -c -g -O2  conftest.c >&5
configure:4657: $? = 0
configure:4674: result: yes
configure:4629: checking for memory.h
configure:4650: gcc -c -g -O2  conftest.c >&5
configure:4657: $? = 0
configure:4674: result: yes
configure:4629: checking for strings.h
configure:4650: gcc -c -g -O2  conftest.c >&5
configure:4657: $? = 0
configure:4674: result: yes
configure:4629: checking for inttypes.h
configure:4650: gcc -c -g -O2  conftest.c >&5
configure:4657: $? = 0
configure:4674: result: yes
configure:4629: checking for stdint.h
configure:4650: gcc -c -g -O2  conftest.c >&5
configure:4657: $? = 0
configure:4674: result: yes
configure:4629: checking for unistd.h
configure:4650: gcc -c -g -O2  conftest.c >&5
configure:4657: $? = 0
configure:4674: result: yes
configure:4698: checking sys/sdt.h usability
configure:4715: gcc -c -g -O2  conftest.c >&5
configure:4722: $? = 0
configure:4736: result: yes
configure:4740: checking sys/sdt.h presence
configure:4755: gcc -E  conftest.c
configure:4762: $? = 0
configure:4776: result: yes
configure:4809: checking for sys/sdt.h
configure:4816: result: yes
configure:4993: creating ./config.status

## ---------------------- ##
## Running config.status. ##
## ---------------------- ##

This file was extended by heapsort config.status 0.4, which was
generated by GNU Autoconf 2.63.  Invocation command line was

  CONFIG_FILES    = 
  CONFIG_HEADERS  = 
  CONFIG_LINKS    = 
  CONFIG_COMMANDS = 
  $ ./config.status 

on ppro

config.status:783: creating Makefile
config.status:783: creating tapset/Makefile
config.status:783: creating config.h
config.status:1057: executing depfiles commands

## ---------------- ##
## Cache variables. ##
## ---------------- ##

ac_cv_c_compiler_gnu=yes
ac_cv_cxx_compiler_gnu=yes
ac_cv_env_CCC_set=
ac_cv_env_CCC_value=
ac_cv_env_CC_set=
ac_cv_env_CC_value=
ac_cv_env_CFLAGS_set=
ac_cv_env_CFLAGS_value=
ac_cv_env_CPPFLAGS_set=
ac_cv_env_CPPFLAGS_value=
ac_cv_env_CPP_set=
ac_cv_env_CPP_value=
ac_cv_env_CXXFLAGS_set=
ac_cv_env_CXXFLAGS_value=
ac_cv_env_CXX_set=
ac_cv_env_CXX_value=
ac_cv_env_LDFLAGS_set=
ac_cv_env_LDFLAGS_value=
ac_cv_env_LIBS_set=
ac_cv_env_LIBS_value=
ac_cv_env_build_alias_set=
ac_cv_env_build_alias_value=
ac_cv_env_host_alias_set=
ac_cv_env_host_alias_value=
ac_cv_env_target_alias_set=
ac_cv_env_target_alias_value=
ac_cv_header_inttypes_h=yes
ac_cv_header_memory_h=yes
ac_cv_header_stdc=yes
ac_cv_header_stdint_h=yes
ac_cv_header_stdlib_h=yes
ac_cv_header_string_h=yes
ac_cv_header_strings_h=yes
ac_cv_header_sys_sdt_h=yes
ac_cv_header_sys_stat_h=yes
ac_cv_header_sys_types_h=yes
ac_cv_header_unistd_h=yes
ac_cv_objext=o
ac_cv_path_EGREP='/usr/bin/grep -E'
ac_cv_path_GREP=/usr/bin/grep
ac_cv_path_install='/usr/bin/install -c'
ac_cv_path_mkdir=/usr/bin/mkdir
ac_cv_prog_AWK=gawk
ac_cv_prog_CPP='gcc -E'
ac_cv_prog_DTRACE=dtrace
ac_cv_prog_ac_ct_CC=gcc
ac_cv_prog_ac_ct_CXX=g++
ac_cv_prog_cc_c89=
ac_cv_prog_cc_g=yes
ac_cv_prog_cxx_g=yes
ac_cv_prog_make_make_set=yes
am_cv_CC_dependencies_compiler_type=gcc3
am_cv_CXX_dependencies_compiler_type=gcc3

## ----------------- ##
## Output variables. ##
## ----------------- ##

ABS_TAPSET_DIR='$(datadir)/systemtap/tapset'
ACLOCAL='${SHELL} /home/dgquintas/Dropbox/samples/linux/systemtap/heapsort-0.5/missing --run aclocal-1.11'
AMDEPBACKSLASH='\'
AMDEP_FALSE='#'
AMDEP_TRUE=''
AMTAR='${SHELL} /home/dgquintas/Dropbox/samples/linux/systemtap/heapsort-0.5/missing --run tar'
AUTOCONF='${SHELL} /home/dgquintas/Dropbox/samples/linux/systemtap/heapsort-0.5/missing --run autoconf'
AUTOHEADER='${SHELL} /home/dgquintas/Dropbox/samples/linux/systemtap/heapsort-0.5/missing --run autoheader'
AUTOMAKE='${SHELL} /home/dgquintas/Dropbox/samples/linux/systemtap/heapsort-0.5/missing --run automake-1.11'
AWK='gawk'
CC='gcc'
CCDEPMODE='depmode=gcc3'
CFLAGS='-g -O2'
CPP='gcc -E'
CPPFLAGS=''
CXX='g++'
CXXDEPMODE='depmode=gcc3'
CXXFLAGS='-g -O2'
CYGPATH_W='echo'
DEFS='-DHAVE_CONFIG_H'
DEPDIR='.deps'
DTRACE='dtrace'
ECHO_C=''
ECHO_N='-n'
ECHO_T=''
EGREP='/usr/bin/grep -E'
ENABLE_SYSTEMTAP_FALSE='#'
ENABLE_SYSTEMTAP_TRUE=''
EXEEXT=''
GREP='/usr/bin/grep'
INSTALL_DATA='${INSTALL} -m 644'
INSTALL_PROGRAM='${INSTALL}'
INSTALL_SCRIPT='${INSTALL}'
INSTALL_STRIP_PROGRAM='$(install_sh) -c -s'
LDFLAGS=''
LIBOBJS=''
LIBS=''
LTLIBOBJS=''
MAKEINFO='${SHELL} /home/dgquintas/Dropbox/samples/linux/systemtap/heapsort-0.5/missing --run makeinfo'
MKDIR_P='/usr/bin/mkdir -p'
OBJEXT='o'
PACKAGE='heapsort'
PACKAGE_BUGREPORT='wcohen@redhat.com'
PACKAGE_NAME='heapsort'
PACKAGE_STRING='heapsort 0.4'
PACKAGE_TARNAME='heapsort'
PACKAGE_VERSION='0.4'
PATH_SEPARATOR=':'
SET_MAKE=''
SHELL='/bin/sh'
STRIP=''
VERSION='0.4'
ac_ct_CC='gcc'
ac_ct_CXX='g++'
am__EXEEXT_FALSE=''
am__EXEEXT_TRUE='#'
am__fastdepCC_FALSE='#'
am__fastdepCC_TRUE=''
am__fastdepCXX_FALSE='#'
am__fastdepCXX_TRUE=''
am__include='include'
am__isrc=''
am__leading_dot='.'
am__quote=''
am__tar='${AMTAR} chof - "$$tardir"'
am__untar='${AMTAR} xf -'
bindir='${exec_prefix}/bin'
build_alias=''
datadir='${datarootdir}'
datarootdir='${prefix}/share'
docdir='${datarootdir}/doc/${PACKAGE_TARNAME}'
dvidir='${docdir}'
exec_prefix='${prefix}'
host_alias=''
htmldir='${docdir}'
includedir='${prefix}/include'
infodir='${datarootdir}/info'
install_sh='${SHELL} /home/dgquintas/Dropbox/samples/linux/systemtap/heapsort-0.5/install-sh'
libdir='${exec_prefix}/lib'
libexecdir='${exec_prefix}/libexec'
localedir='${datarootdir}/locale'
localstatedir='${prefix}/var'
mandir='${datarootdir}/man'
mkdir_p='/usr/bin/mkdir -p'
oldincludedir='/usr/include'
pdfdir='${docdir}'
prefix='/usr/local'
program_transform_name='s,x,x,'
psdir='${docdir}'
sbindir='${exec_prefix}/sbin'
sharedstatedir='${prefix}/com'
sysconfdir='${prefix}/etc'
target_alias=''

## ----------- ##
## confdefs.h. ##
## ----------- ##

#define PACKAGE_NAME "heapsort"
#define PACKAGE_TARNAME "heapsort"
#define PACKAGE_VERSION "0.4"
#define PACKAGE_STRING "heapsort 0.4"
#define PACKAGE_BUGREPORT "wcohen@redhat.com"
#define PACKAGE "heapsort"
#define VERSION "0.4"
#define STDC_HEADERS 1
#define HAVE_SYS_TYPES_H 1
#define HAVE_SYS_STAT_H 1
#define HAVE_STDLIB_H 1
#define HAVE_STRING_H 1
#define HAVE_MEMORY_H 1
#define HAVE_STRINGS_H 1
#define HAVE_INTTYPES_H 1
#define HAVE_STDINT_H 1
#define HAVE_UNISTD_H 1
#define HAVE_SYSTEMTAP 1

configure: exit 0
